<?xml version="1.0" encoding="UTF-8"?>
<!-- Generated by org.testng.reporters.JUnitReportReporter -->
<testsuite hostname="HuangWL" name="cm.hwl.seleniums.TestBrowsers" tests="1" failures="0" timestamp="12 Oct 2016 09:10:54 GMT" time="27.195" errors="0">
  <testcase name="SelectItemFromDropDownList" time="27.195" classname="cm.hwl.seleniums.TestBrowsers"/>
</testsuite> <!-- cm.hwl.seleniums.TestBrowsers -->
